[2021-03-16 18:30:03,691][__main__][INFO] - Read Data
[2021-03-16 18:30:11,883][__main__][INFO] - Read Tokenizer
[2021-03-16 18:30:11,886][__main__][INFO] - Tokenize train and valid
[2021-03-16 18:32:06,470][__main__][INFO] - Create Datasets and loaders
[2021-03-16 18:32:06,472][__main__][INFO] - Create Model
[2021-03-16 18:32:07,328][__main__][INFO] - Train Model
[2021-03-16 21:08:26,326][metrics_logger][INFO] - 
1/50 * Epoch 1 (train): loss=0.5558
1/50 * Epoch 1 (valid): loss=0.2044
[2021-03-16 23:44:54,817][metrics_logger][INFO] - 
2/50 * Epoch 2 (train): loss=0.2101
2/50 * Epoch 2 (valid): loss=0.1259
[2021-03-17 02:21:24,017][metrics_logger][INFO] - 
3/50 * Epoch 3 (train): loss=0.1512
3/50 * Epoch 3 (valid): loss=0.1001
[2021-03-17 04:57:50,265][metrics_logger][INFO] - 
4/50 * Epoch 4 (train): loss=0.1232
4/50 * Epoch 4 (valid): loss=0.0773
[2021-03-17 07:34:20,206][metrics_logger][INFO] - 
5/50 * Epoch 5 (train): loss=0.1065
5/50 * Epoch 5 (valid): loss=0.0844
[2021-03-17 10:10:43,492][metrics_logger][INFO] - 
6/50 * Epoch 6 (train): loss=0.0949
6/50 * Epoch 6 (valid): loss=0.0784
[2021-03-17 12:47:11,366][metrics_logger][INFO] - 
7/50 * Epoch 7 (train): loss=0.0865
7/50 * Epoch 7 (valid): loss=0.0546
[2021-03-17 15:23:36,288][metrics_logger][INFO] - 
8/50 * Epoch 8 (train): loss=0.0798
8/50 * Epoch 8 (valid): loss=0.0522
[2021-03-17 18:00:21,373][metrics_logger][INFO] - 
9/50 * Epoch 9 (train): loss=0.0743
9/50 * Epoch 9 (valid): loss=0.0539
[2021-03-17 20:37:10,609][metrics_logger][INFO] - 
10/50 * Epoch 10 (train): loss=0.0697
10/50 * Epoch 10 (valid): loss=0.0462
[2021-03-17 23:13:11,708][metrics_logger][INFO] - 
11/50 * Epoch 11 (train): loss=0.0660
11/50 * Epoch 11 (valid): loss=0.0437
[2021-03-18 01:49:19,838][metrics_logger][INFO] - 
12/50 * Epoch 12 (train): loss=0.0628
12/50 * Epoch 12 (valid): loss=0.0442
[2021-03-18 04:25:27,417][metrics_logger][INFO] - 
13/50 * Epoch 13 (train): loss=0.0601
13/50 * Epoch 13 (valid): loss=0.0433
[2021-03-18 07:01:38,375][metrics_logger][INFO] - 
14/50 * Epoch 14 (train): loss=0.0576
14/50 * Epoch 14 (valid): loss=0.0542
[2021-03-18 09:38:20,518][metrics_logger][INFO] - 
15/50 * Epoch 15 (train): loss=0.0554
15/50 * Epoch 15 (valid): loss=0.0398
[2021-03-18 12:14:27,814][metrics_logger][INFO] - 
16/50 * Epoch 16 (train): loss=0.0535
16/50 * Epoch 16 (valid): loss=0.0383
